<?xml version="1.0" encoding="UTF-8"?>
<!-- Generated by org.testng.reporters.JUnitReportReporter -->
<testsuite hostname="RahulMahajan.local" failures="1" tests="9" name="testrunners.TestRunner" time="176.005" errors="0" timestamp="09 Oct 2022 14:04:39 GMT" skipped="0">
  <testcase classname="testrunners.TestRunner" name="runScenario" time="20.690"/>
  <testcase classname="testrunners.TestRunner" name="runScenario" time="19.540"/>
  <testcase classname="testrunners.TestRunner" name="runScenario" time="18.323"/>
  <testcase classname="testrunners.TestRunner" name="runScenario" time="20.327"/>
  <testcase classname="testrunners.TestRunner" name="runScenario" time="18.732"/>
  <testcase classname="testrunners.TestRunner" name="runScenario" time="18.759"/>
  <testcase classname="testrunners.TestRunner" name="runScenario" time="20.054">
    <failure message="expected [true] but found [false]" type="java.lang.AssertionError">
      <![CDATA[java.lang.AssertionError: expected [true] but found [false]
at org.testng.Assert.fail(Assert.java:96)
at org.testng.Assert.failNotEquals(Assert.java:776)
at org.testng.Assert.assertTrue(Assert.java:44)
at org.testng.Assert.assertTrue(Assert.java:54)
at com.pages.CheckOut.addOnPageFieldsVerification(CheckOut.java:115)
at stepDefinition.SubscriptionSteps.user_includes_the_add_ons(SubscriptionSteps.java:38)
at âœ½.user includes the add ons "false" "false"(file:///Users/rahul/Documents/StvProject/src/test/resources/features/Subscription.feature:13)
]]>
    </failure>
  </testcase> <!-- runScenario -->
  <testcase classname="testrunners.TestRunner" name="runScenario" time="22.399"/>
  <testcase classname="testrunners.TestRunner" name="runScenario" time="17.181"/>
</testsuite> <!-- testrunners.TestRunner -->
